<?xml version="1.0" encoding="UTF-8"?>
<!-- Generated by org.testng.reporters.JUnitXMLReporter -->
<testsuite ignored="5" hostname="NeverSame" failures="0" tests="0" time="1.797" errors="0" timestamp="2024-05-04T15:48:39 IST">
  <testcase classname="com.pseudofunc.tests.flightreservation.FlightReservationTest" name="@BeforeTest setParams" time="-1.714817919549E9">
    <failure type="org.testng.TestNGException" message="
Parameter &amp;apos;testDataPath&amp;apos; is required by BeforeTest on method setParams but has not been marked @Optional or defined
in C:\Users\Baban\AppData\Local\Temp\testng-eclipse-928223885\testng-customsuite.xml">
      <![CDATA[org.testng.TestNGException: 
Parameter 'testDataPath' is required by BeforeTest on method setParams but has not been marked @Optional or defined
in C:\Users\Baban\AppData\Local\Temp\testng-eclipse-928223885\testng-customsuite.xml
at org.testng.internal.Parameters.createParams(Parameters.java:267)
at org.testng.internal.Parameters.createParametersForMethod(Parameters.java:355)
at org.testng.internal.Parameters.createParameters(Parameters.java:684)
at org.testng.internal.Parameters.createConfigurationParameters(Parameters.java:166)
at org.testng.internal.invokers.ConfigInvoker.invokeConfigurations(ConfigInvoker.java:306)
at org.testng.TestRunner.invokeTestConfigurations(TestRunner.java:663)
at org.testng.TestRunner.beforeRun(TestRunner.java:652)
at org.testng.TestRunner.run(TestRunner.java:614)
at org.testng.SuiteRunner.runTest(SuiteRunner.java:443)
at org.testng.SuiteRunner.runSequentially(SuiteRunner.java:437)
at org.testng.SuiteRunner.privateRun(SuiteRunner.java:397)
at org.testng.SuiteRunner.run(SuiteRunner.java:336)
at org.testng.SuiteRunnerWorker.runSuite(SuiteRunnerWorker.java:52)
at org.testng.SuiteRunnerWorker.run(SuiteRunnerWorker.java:95)
at org.testng.TestNG.runSuitesSequentially(TestNG.java:1280)
at org.testng.TestNG.runSuitesLocally(TestNG.java:1200)
at org.testng.TestNG.runSuites(TestNG.java:1114)
at org.testng.TestNG.run(TestNG.java:1082)
at org.testng.remote.AbstractRemoteTestNG.run(AbstractRemoteTestNG.java:115)
at org.testng.remote.RemoteTestNG.initAndRun(RemoteTestNG.java:251)
at org.testng.remote.RemoteTestNG.main(RemoteTestNG.java:77)
]]>
    </failure>
  </testcase> <!-- @BeforeTest setParams -->
  <testcase classname="com.pseudofunc.tests.AbstractTest" name="@AfterTest quitDriver" time="0.0">
    <skipped/>
  </testcase> <!-- @AfterTest quitDriver -->
  <testcase classname="com.pseudofunc.tests.flightreservation.FlightReservationTest" name="registrationConfirmationTest" time="0.0">
    <ignored/>
  </testcase> <!-- registrationConfirmationTest -->
  <testcase classname="com.pseudofunc.tests.flightreservation.FlightReservationTest" name="flightSearchTest" time="0.0">
    <ignored/>
  </testcase> <!-- flightSearchTest -->
  <testcase classname="com.pseudofunc.tests.flightreservation.FlightReservationTest" name="flightReservationConfirmationTest" time="0.0">
    <ignored/>
  </testcase> <!-- flightReservationConfirmationTest -->
  <testcase classname="com.pseudofunc.tests.flightreservation.FlightReservationTest" name="flightSelectionTest" time="0.0">
    <ignored/>
  </testcase> <!-- flightSelectionTest -->
  <testcase classname="com.pseudofunc.tests.flightreservation.FlightReservationTest" name="userRegistrationTest" time="0.0">
    <ignored/>
  </testcase> <!-- userRegistrationTest -->
</testsuite>
